\BOOKMARK [1][-]{section.0.1}{\376\377\000I\000n\000t\000r\000o\000d\000u\000c\000t\000i\000o\000n}{}% 1
\BOOKMARK [1][-]{section.0.2}{\376\377\000B\000e\000s\000o\000i\000n\000s\000\040\000e\000t\000\040\000o\000b\000j\000e\000c\000t\000i\000f\000s\000\040\000d\000u\000\040\000p\000r\000o\000j\000e\000t}{}% 2
\BOOKMARK [2][-]{subsection.0.2.1}{\376\377\000C\000o\000n\000t\000e\000x\000t\000e}{section.0.2}% 3
\BOOKMARK [2][-]{subsection.0.2.2}{\376\377\000M\000o\000t\000i\000v\000a\000t\000i\000o\000n\000s}{section.0.2}% 4
\BOOKMARK [2][-]{subsection.0.2.3}{\376\377\000O\000b\000j\000e\000c\000t\000i\000f\000\040\000e\000t\000\040\000c\000o\000n\000t\000r\000a\000i\000n\000t\000e\000s}{section.0.2}% 5
\BOOKMARK [1][-]{section.0.3}{\376\377\000G\000e\000s\000t\000i\000o\000n\000\040\000d\000u\000\040\000p\000r\000o\000j\000e\000t}{}% 6
\BOOKMARK [2][-]{subsection.0.3.1}{\376\377\000L\000'\000\351\000q\000u\000i\000p\000e}{section.0.3}% 7
\BOOKMARK [2][-]{subsection.0.3.2}{\376\377\000P\000l\000a\000n\000i\000f\000i\000c\000a\000t\000i\000o\000n\000\040\000e\000t\000\040\000o\000u\000t\000i\000l\000s\000\040\000d\000e\000\040\000g\000e\000s\000t\000i\000o\000n}{section.0.3}% 8
\BOOKMARK [2][-]{subsection.0.3.3}{\376\377\000R\000\351\000p\000a\000r\000t\000i\000t\000i\000o\000n\000\040\000d\000e\000s\000\040\000t\000\342\000c\000h\000e\000s}{section.0.3}% 9
\BOOKMARK [1][-]{section.0.4}{\376\377\000D\000\351\000v\000e\000l\000o\000p\000p\000e\000m\000e\000n\000t}{}% 10
\BOOKMARK [2][-]{subsection.0.4.1}{\376\377\000D\000i\000f\000f\000\351\000r\000e\000n\000t\000e\000s\000\040\000s\000t\000r\000a\000t\000\351\000g\000i\000e}{section.0.4}% 11
\BOOKMARK [2][-]{subsection.0.4.2}{\376\377\000P\000r\000o\000g\000r\000a\000m\000m\000e\000r\000\040\000e\000n\000\040\000C\000+\000+}{section.0.4}% 12
\BOOKMARK [2][-]{subsection.0.4.3}{\376\377\000A\000p\000p\000r\000e\000n\000d\000r\000e\000\040\000\340\000\040\000u\000t\000i\000l\000i\000s\000e\000r\000\040\000l\000a\000\040\000b\000i\000b\000l\000i\000o\000t\000h\000\350\000q\000u\000e\000\040\000G\000F}{section.0.4}% 13
\BOOKMARK [1][-]{section.0.5}{\376\377\000B\000i\000l\000a\000n\000\040\000d\000u\000\040\000p\000r\000o\000j\000e\000t}{}% 14
\BOOKMARK [2][-]{subsection.0.5.1}{\376\377\000R\000\351\000s\000u\000l\000t\000a\000t\000s\000\040\000o\000b\000t\000e\000n\000u\000s}{section.0.5}% 15
\BOOKMARK [2][-]{subsection.0.5.2}{\376\377\000A\000p\000p\000o\000r\000t\000s\000\040\000t\000e\000c\000h\000n\000i\000q\000u\000e}{section.0.5}% 16
\BOOKMARK [2][-]{subsection.0.5.3}{\376\377\000A\000p\000p\000o\000r\000t\000s\000\040\000p\000e\000r\000s\000o\000n\000n\000e\000l\000s}{section.0.5}% 17
\BOOKMARK [1][-]{section.0.6}{\376\377\000P\000e\000r\000s\000p\000e\000c\000t\000i\000v\000e\000s}{}% 18
\BOOKMARK [2][-]{subsection.0.6.1}{\376\377\000A\000m\000\351\000l\000i\000o\000r\000a\000t\000i\000o\000n\000s\000\040\000p\000o\000s\000s\000i\000b\000l\000e\000s}{section.0.6}% 19
\BOOKMARK [2][-]{subsection.0.6.2}{\376\377\000N\000o\000u\000v\000e\000l\000l\000e\000s\000\040\000f\000o\000n\000c\000t\000i\000o\000n\000n\000a\000l\000i\000t\000\351\000s}{section.0.6}% 20
\BOOKMARK [2][-]{subsection.0.6.3}{\376\377\000U\000n\000\040\000p\000l\000u\000s\000\040\000d\000a\000n\000s\000\040\000n\000o\000s\000\040\000C\000V}{section.0.6}% 21
\BOOKMARK [1][-]{section.0.7}{\376\377\000B\000i\000b\000l\000i\000o\000g\000r\000a\000p\000h\000i\000e}{}% 22
